  main.cpp
E:\OneDrive - Thuyloi University\Đồ họa máy tính\Helicopter\main.cpp(13,34): warning C4305: 'initializing': truncation from 'double' to 'GLfloat'
E:\OneDrive - Thuyloi University\Đồ họa máy tính\Helicopter\main.cpp(13,41): warning C4305: 'initializing': truncation from 'double' to 'GLfloat'
E:\OneDrive - Thuyloi University\Đồ họa máy tính\Helicopter\main.cpp(15,35): warning C4305: 'initializing': truncation from 'double' to 'GLfloat'
E:\OneDrive - Thuyloi University\Đồ họa máy tính\Helicopter\main.cpp(15,42): warning C4305: 'initializing': truncation from 'double' to 'GLfloat'
E:\OneDrive - Thuyloi University\Đồ họa máy tính\Helicopter\main.cpp(38,36): warning C4244: 'argument': conversion from 'double' to 'int', possible loss of data
E:\OneDrive - Thuyloi University\Đồ họa máy tính\Helicopter\main.cpp(38,24): warning C4244: 'argument': conversion from 'double' to 'int', possible loss of data
E:\OneDrive - Thuyloi University\Đồ họa máy tính\Helicopter\main.cpp(51,23): warning C4305: 'argument': truncation from 'double' to 'GLclampf'
E:\OneDrive - Thuyloi University\Đồ họa máy tính\Helicopter\main.cpp(51,18): warning C4305: 'argument': truncation from 'double' to 'GLclampf'
E:\OneDrive - Thuyloi University\Đồ họa máy tính\Helicopter\main.cpp(62,24): warning C4244: '=': conversion from 'double' to 'float', possible loss of data
E:\OneDrive - Thuyloi University\Đồ họa máy tính\Helicopter\main.cpp(65,24): warning C4244: '=': conversion from 'double' to 'float', possible loss of data
E:\OneDrive - Thuyloi University\Đồ họa máy tính\Helicopter\main.cpp(68,23): warning C4244: '=': conversion from 'double' to 'float', possible loss of data
E:\OneDrive - Thuyloi University\Đồ họa máy tính\Helicopter\main.cpp(72,29): warning C4244: '=': conversion from 'double' to 'float', possible loss of data
E:\OneDrive - Thuyloi University\Đồ họa máy tính\Helicopter\main.cpp(75,23): warning C4244: '=': conversion from 'double' to 'float', possible loss of data
E:\OneDrive - Thuyloi University\Đồ họa máy tính\Helicopter\main.cpp(76,25): warning C4244: '=': conversion from 'double' to 'float', possible loss of data
E:\OneDrive - Thuyloi University\Đồ họa máy tính\Helicopter\main.cpp(95,41): warning C4305: '=': truncation from 'double' to 'float'
E:\OneDrive - Thuyloi University\Đồ họa máy tính\Helicopter\main.cpp(96,45): warning C4305: '=': truncation from 'double' to 'float'
E:\OneDrive - Thuyloi University\Đồ họa máy tính\Helicopter\main.cpp(164,24): warning C4305: 'argument': truncation from 'double' to 'float'
E:\OneDrive - Thuyloi University\Đồ họa máy tính\Helicopter\main.cpp(166,61): warning C4305: 'argument': truncation from 'double' to 'float'
E:\OneDrive - Thuyloi University\Đồ họa máy tính\Helicopter\main.cpp(166,46): warning C4305: 'argument': truncation from 'double' to 'float'
E:\OneDrive - Thuyloi University\Đồ họa máy tính\Helicopter\main.cpp(166,15): warning C4305: 'argument': truncation from 'double' to 'float'
E:\OneDrive - Thuyloi University\Đồ họa máy tính\Helicopter\main.cpp(167,62): warning C4305: 'argument': truncation from 'double' to 'float'
E:\OneDrive - Thuyloi University\Đồ họa máy tính\Helicopter\main.cpp(167,47): warning C4305: 'argument': truncation from 'double' to 'float'
E:\OneDrive - Thuyloi University\Đồ họa máy tính\Helicopter\main.cpp(167,15): warning C4305: 'argument': truncation from 'double' to 'float'
E:\OneDrive - Thuyloi University\Đồ họa máy tính\Helicopter\main.cpp(174,62): warning C4305: 'argument': truncation from 'double' to 'float'
E:\OneDrive - Thuyloi University\Đồ họa máy tính\Helicopter\main.cpp(174,57): warning C4305: 'argument': truncation from 'double' to 'float'
E:\OneDrive - Thuyloi University\Đồ họa máy tính\Helicopter\main.cpp(174,52): warning C4305: 'argument': truncation from 'double' to 'float'
E:\OneDrive - Thuyloi University\Đồ họa máy tính\Helicopter\main.cpp(174,26): warning C4305: 'argument': truncation from 'double' to 'float'
E:\OneDrive - Thuyloi University\Đồ họa máy tính\Helicopter\main.cpp(176,63): warning C4305: 'argument': truncation from 'double' to 'float'
E:\OneDrive - Thuyloi University\Đồ họa máy tính\Helicopter\main.cpp(176,58): warning C4305: 'argument': truncation from 'double' to 'float'
E:\OneDrive - Thuyloi University\Đồ họa máy tính\Helicopter\main.cpp(176,53): warning C4305: 'argument': truncation from 'double' to 'float'
E:\OneDrive - Thuyloi University\Đồ họa máy tính\Helicopter\main.cpp(176,26): warning C4305: 'argument': truncation from 'double' to 'float'
E:\OneDrive - Thuyloi University\Đồ họa máy tính\Helicopter\main.cpp(181,58): warning C4305: 'argument': truncation from 'double' to 'float'
E:\OneDrive - Thuyloi University\Đồ họa máy tính\Helicopter\main.cpp(181,53): warning C4305: 'argument': truncation from 'double' to 'float'
E:\OneDrive - Thuyloi University\Đồ họa máy tính\Helicopter\main.cpp(181,25): warning C4305: 'argument': truncation from 'double' to 'float'
E:\OneDrive - Thuyloi University\Đồ họa máy tính\Helicopter\main.cpp(182,73): warning C4305: 'argument': truncation from 'double' to 'float'
E:\OneDrive - Thuyloi University\Đồ họa máy tính\Helicopter\main.cpp(182,68): warning C4305: 'argument': truncation from 'double' to 'float'
E:\OneDrive - Thuyloi University\Đồ họa máy tính\Helicopter\main.cpp(182,53): warning C4305: 'argument': truncation from 'double' to 'float'
E:\OneDrive - Thuyloi University\Đồ họa máy tính\Helicopter\main.cpp(182,25): warning C4305: 'argument': truncation from 'double' to 'float'
E:\OneDrive - Thuyloi University\Đồ họa máy tính\Helicopter\main.cpp(183,74): warning C4305: 'argument': truncation from 'double' to 'float'
E:\OneDrive - Thuyloi University\Đồ họa máy tính\Helicopter\main.cpp(183,69): warning C4305: 'argument': truncation from 'double' to 'float'
E:\OneDrive - Thuyloi University\Đồ họa máy tính\Helicopter\main.cpp(183,54): warning C4305: 'argument': truncation from 'double' to 'float'
E:\OneDrive - Thuyloi University\Đồ họa máy tính\Helicopter\main.cpp(183,25): warning C4305: 'argument': truncation from 'double' to 'float'
E:\OneDrive - Thuyloi University\Đồ họa máy tính\Helicopter\main.cpp(183,18): warning C4305: 'argument': truncation from 'double' to 'float'
E:\OneDrive - Thuyloi University\Đồ họa máy tính\Helicopter\main.cpp(184,73): warning C4305: 'argument': truncation from 'double' to 'float'
E:\OneDrive - Thuyloi University\Đồ họa máy tính\Helicopter\main.cpp(184,68): warning C4305: 'argument': truncation from 'double' to 'float'
E:\OneDrive - Thuyloi University\Đồ họa máy tính\Helicopter\main.cpp(184,53): warning C4305: 'argument': truncation from 'double' to 'float'
E:\OneDrive - Thuyloi University\Đồ họa máy tính\Helicopter\main.cpp(184,25): warning C4305: 'argument': truncation from 'double' to 'float'
E:\OneDrive - Thuyloi University\Đồ họa máy tính\Helicopter\main.cpp(184,18): warning C4305: 'argument': truncation from 'double' to 'float'
E:\OneDrive - Thuyloi University\Đồ họa máy tính\Helicopter\main.cpp(185,74): warning C4305: 'argument': truncation from 'double' to 'float'
E:\OneDrive - Thuyloi University\Đồ họa máy tính\Helicopter\main.cpp(185,69): warning C4305: 'argument': truncation from 'double' to 'float'
E:\OneDrive - Thuyloi University\Đồ họa máy tính\Helicopter\main.cpp(185,54): warning C4305: 'argument': truncation from 'double' to 'float'
E:\OneDrive - Thuyloi University\Đồ họa máy tính\Helicopter\main.cpp(185,25): warning C4305: 'argument': truncation from 'double' to 'float'
E:\OneDrive - Thuyloi University\Đồ họa máy tính\Helicopter\main.cpp(185,18): warning C4305: 'argument': truncation from 'double' to 'float'
E:\OneDrive - Thuyloi University\Đồ họa máy tính\Helicopter\main.cpp(190,34): warning C4305: 'initializing': truncation from 'double' to 'GLfloat'
E:\OneDrive - Thuyloi University\Đồ họa máy tính\Helicopter\main.cpp(190,41): warning C4305: 'initializing': truncation from 'double' to 'GLfloat'
E:\OneDrive - Thuyloi University\Đồ họa máy tính\Helicopter\main.cpp(190,49): warning C4305: 'initializing': truncation from 'double' to 'GLfloat'
E:\OneDrive - Thuyloi University\Đồ họa máy tính\Helicopter\main.cpp(194,66): warning C4305: 'argument': truncation from 'double' to 'float'
E:\OneDrive - Thuyloi University\Đồ họa máy tính\Helicopter\main.cpp(195,71): warning C4305: 'argument': truncation from 'double' to 'float'
E:\OneDrive - Thuyloi University\Đồ họa máy tính\Helicopter\main.cpp(195,65): warning C4305: 'argument': truncation from 'double' to 'float'
E:\OneDrive - Thuyloi University\Đồ họa máy tính\Helicopter\main.cpp(195,24): warning C4305: 'argument': truncation from 'double' to 'float'
E:\OneDrive - Thuyloi University\Đồ họa máy tính\Helicopter\main.cpp(203,23): warning C4244: 'initializing': conversion from 'double' to 'float', possible loss of data
E:\OneDrive - Thuyloi University\Đồ họa máy tính\Helicopter\main.cpp(205,75): warning C4305: 'argument': truncation from 'double' to 'float'
E:\OneDrive - Thuyloi University\Đồ họa máy tính\Helicopter\main.cpp(205,24): warning C4305: 'argument': truncation from 'double' to 'float'
E:\OneDrive - Thuyloi University\Đồ họa máy tính\Helicopter\main.cpp(214,55): warning C4305: 'argument': truncation from 'double' to 'float'
E:\OneDrive - Thuyloi University\Đồ họa máy tính\Helicopter\main.cpp(214,50): warning C4305: 'argument': truncation from 'double' to 'float'
E:\OneDrive - Thuyloi University\Đồ họa máy tính\Helicopter\main.cpp(214,23): warning C4305: 'argument': truncation from 'double' to 'float'
E:\OneDrive - Thuyloi University\Đồ họa máy tính\Helicopter\main.cpp(214,18): warning C4305: 'argument': truncation from 'double' to 'float'
E:\OneDrive - Thuyloi University\Đồ họa máy tính\Helicopter\main.cpp(215,51): warning C4305: 'argument': truncation from 'double' to 'float'
E:\OneDrive - Thuyloi University\Đồ họa máy tính\Helicopter\main.cpp(215,46): warning C4305: 'argument': truncation from 'double' to 'float'
E:\OneDrive - Thuyloi University\Đồ họa máy tính\Helicopter\main.cpp(215,19): warning C4305: 'argument': truncation from 'double' to 'float'
E:\OneDrive - Thuyloi University\Đồ họa máy tính\Helicopter\main.cpp(215,14): warning C4305: 'argument': truncation from 'double' to 'float'
E:\OneDrive - Thuyloi University\Đồ họa máy tính\Helicopter\main.cpp(216,67): warning C4305: 'argument': truncation from 'double' to 'float'
E:\OneDrive - Thuyloi University\Đồ họa máy tính\Helicopter\main.cpp(216,52): warning C4305: 'argument': truncation from 'double' to 'float'
E:\OneDrive - Thuyloi University\Đồ họa máy tính\Helicopter\main.cpp(216,47): warning C4305: 'argument': truncation from 'double' to 'float'
E:\OneDrive - Thuyloi University\Đồ họa máy tính\Helicopter\main.cpp(216,19): warning C4305: 'argument': truncation from 'double' to 'float'
E:\OneDrive - Thuyloi University\Đồ họa máy tính\Helicopter\main.cpp(216,14): warning C4305: 'argument': truncation from 'double' to 'float'
E:\OneDrive - Thuyloi University\Đồ họa máy tính\Helicopter\main.cpp(219,56): warning C4305: 'argument': truncation from 'double' to 'float'
E:\OneDrive - Thuyloi University\Đồ họa máy tính\Helicopter\main.cpp(219,51): warning C4305: 'argument': truncation from 'double' to 'float'
E:\OneDrive - Thuyloi University\Đồ họa máy tính\Helicopter\main.cpp(219,18): warning C4305: 'argument': truncation from 'double' to 'float'
E:\OneDrive - Thuyloi University\Đồ họa máy tính\Helicopter\main.cpp(220,52): warning C4305: 'argument': truncation from 'double' to 'float'
E:\OneDrive - Thuyloi University\Đồ họa máy tính\Helicopter\main.cpp(220,47): warning C4305: 'argument': truncation from 'double' to 'float'
E:\OneDrive - Thuyloi University\Đồ họa máy tính\Helicopter\main.cpp(220,14): warning C4305: 'argument': truncation from 'double' to 'float'
E:\OneDrive - Thuyloi University\Đồ họa máy tính\Helicopter\main.cpp(221,68): warning C4305: 'argument': truncation from 'double' to 'float'
E:\OneDrive - Thuyloi University\Đồ họa máy tính\Helicopter\main.cpp(221,53): warning C4305: 'argument': truncation from 'double' to 'float'
E:\OneDrive - Thuyloi University\Đồ họa máy tính\Helicopter\main.cpp(221,48): warning C4305: 'argument': truncation from 'double' to 'float'
E:\OneDrive - Thuyloi University\Đồ họa máy tính\Helicopter\main.cpp(221,14): warning C4305: 'argument': truncation from 'double' to 'float'
E:\OneDrive - Thuyloi University\Đồ họa máy tính\Helicopter\main.cpp(238,30): warning C4305: 'argument': truncation from 'double' to 'GLfloat'
E:\OneDrive - Thuyloi University\Đồ họa máy tính\Helicopter\main.cpp(238,24): warning C4305: 'argument': truncation from 'double' to 'GLfloat'
E:\OneDrive - Thuyloi University\Đồ họa máy tính\Helicopter\main.cpp(238,19): warning C4305: 'argument': truncation from 'double' to 'GLfloat'
E:\OneDrive - Thuyloi University\Đồ họa máy tính\Helicopter\main.cpp(240,25): warning C4305: 'argument': truncation from 'double' to 'GLfloat'
E:\OneDrive - Thuyloi University\Đồ họa máy tính\Helicopter\main.cpp(240,20): warning C4305: 'argument': truncation from 'double' to 'GLfloat'
E:\OneDrive - Thuyloi University\Đồ họa máy tính\Helicopter\main.cpp(240,14): warning C4305: 'argument': truncation from 'double' to 'GLfloat'
  Helicopter.vcxproj -> E:\OneDrive - Thuyloi University\Đồ họa máy tính\Helicopter\x64\Debug\Helicopter.exe
